#
# There is insufficient memory for the Java Runtime Environment to continue.
# Native memory allocation (malloc) failed to allocate 575216 bytes for Chunk::new
# Possible reasons:
#   The system is out of physical RAM or swap space
#   The process is running with CompressedOops enabled, and the Java Heap may be blocking the growth of the native heap
# Possible solutions:
#   Reduce memory load on the system
#   Increase physical memory or swap space
#   Check if swap backing store is full
#   Decrease Java heap size (-Xmx/-Xms)
#   Decrease number of Java threads
#   Decrease Java thread stack sizes (-Xss)
#   Set larger code cache with -XX:ReservedCodeCacheSize=
#   JVM is running with Unscaled Compressed Oops mode in which the Java heap is
#     placed in the first 4GB address space. The Java Heap base address is the
#     maximum limit for the native heap growth. Please use -XX:HeapBaseMinAddress
#     to set the Java Heap base and to place the Java Heap above 4GB virtual address.
# This output file may be truncated or incomplete.
#
#  Out of Memory Error (allocation.cpp:389), pid=10764, tid=0x0000000000006050
#
# JRE version: Java(TM) SE Runtime Environment (8.0_251-b08) (build 1.8.0_251-b08)
# Java VM: Java HotSpot(TM) 64-Bit Server VM (25.251-b08 mixed mode windows-amd64 compressed oops)
# Failed to write core dump. Minidumps are not enabled by default on client versions of Windows
#

---------------  T H R E A D  ---------------

Current thread (0x0000000019e05800):  JavaThread "C2 CompilerThread1" daemon [_thread_in_native, id=24656, stack(0x000000001a7f0000,0x000000001a8f0000)]

Stack: [0x000000001a7f0000,0x000000001a8f0000]
[error occurred during error reporting (printing stack bounds), id 0xc0000005]

Native frames: (J=compiled Java code, j=interpreted, Vv=VM code, C=native code)


Current CompileTask:
C2:   3343  822       4       javax.swing.GroupLayout$Group::setSize (60 bytes)


---------------  P R O C E S S  ---------------

Java Threads: ( => current thread )
  0x000000000310e800 JavaThread "DestroyJavaVM" [_thread_blocked, id=25988, stack(0x0000000002fd0000,0x00000000030d0000)]
  0x000000001aeac800 JavaThread "AWT-EventQueue-0" [_thread_blocked, id=26428, stack(0x000000001c320000,0x000000001c420000)]
  0x000000001ae98000 JavaThread "AWT-Windows" daemon [_thread_in_native, id=26260, stack(0x000000001b840000,0x000000001b940000)]
  0x000000001ae95800 JavaThread "AWT-Shutdown" [_thread_blocked, id=19480, stack(0x000000001b740000,0x000000001b840000)]
  0x000000001ae95000 JavaThread "Java2D Disposer" daemon [_thread_blocked, id=19936, stack(0x000000001b640000,0x000000001b740000)]
  0x0000000019e9a000 JavaThread "Service Thread" daemon [_thread_blocked, id=5480, stack(0x000000001aaf0000,0x000000001abf0000)]
  0x0000000019e0e800 JavaThread "C1 CompilerThread3" daemon [_thread_blocked, id=14412, stack(0x000000001a9f0000,0x000000001aaf0000)]
  0x0000000019e06000 JavaThread "C2 CompilerThread2" daemon [_thread_blocked, id=9804, stack(0x000000001a8f0000,0x000000001a9f0000)]
=>0x0000000019e05800 JavaThread "C2 CompilerThread1" daemon [_thread_in_native, id=24656, stack(0x000000001a7f0000,0x000000001a8f0000)]
  0x0000000019e02000 JavaThread "C2 CompilerThread0" daemon [_thread_blocked, id=24368, stack(0x000000001a6f0000,0x000000001a7f0000)]
  0x0000000019e00000 JavaThread "Attach Listener" daemon [_thread_blocked, id=7836, stack(0x000000001a5f0000,0x000000001a6f0000)]
  0x0000000019dff000 JavaThread "Signal Dispatcher" daemon [_thread_blocked, id=13464, stack(0x000000001a4f0000,0x000000001a5f0000)]
  0x0000000019df1000 JavaThread "Finalizer" daemon [_thread_blocked, id=25140, stack(0x000000001a2d0000,0x000000001a3d0000)]
  0x0000000019df0800 JavaThread "Reference Handler" daemon [_thread_blocked, id=7272, stack(0x000000001a1d0000,0x000000001a2d0000)]

Other Threads:
  0x0000000017ff9000 VMThread [stack: 0x0000000019cd0000,0x0000000019dd0000] [id=4064]
  0x0000000019eb5800 WatcherThread [stack: 0x000000001abf0000,0x000000001acf0000] [id=26276]

VM state:not at safepoint (normal execution)

VM Mutex/Monitor currently owned by a thread: None

heap address: 0x0000000084400000, size: 1980 MB, Compressed Oops mode: 32-bit
Narrow klass base: 0x0000000000000000, Narrow klass shift: 3
Compressed class space size: 1073741824 Address: 0x0000000100000000

Heap:
 PSYoungGen      total 36864K, used 9891K [0x00000000d6c00000, 0x00000000d9500000, 0x0000000100000000)
  eden space 31744K, 31% used [0x00000000d6c00000,0x00000000d75a8c28,0x00000000d8b00000)
  from space 5120K, 0% used [0x00000000d9000000,0x00000000d9000000,0x00000000d9500000)
  to   space 5120K, 0% used [0x00000000d8b00000,0x00000000d8b00000,0x00000000d9000000)
 ParOldGen       total 84992K, used 0K [0x0000000084400000, 0x0000000089700000, 0x00000000d6c00000)
  object space 84992K, 0% used [0x0000000084400000,0x0000000084400000,0x0000000089700000)
 Metaspace       used 10937K, capacity 11074K, committed 11264K, reserved 1058816K
  class space    used 1375K, capacity 1447K, committed 1536K, reserved 1048576K

Card table byte_map: [0x00000000125d0000,0x00000000129b0000] byte_map_base: 0x00000000121ae000

Marking Bits: (ParMarkBitMap*) 0x00000000569baf90
 Begin Bits: [0x0000000013450000, 0x0000000015340000)
 End Bits:   [0x0000000015340000, 0x0000000017230000)

Polling page: 0x0000000002f70000

CodeCache: size=245760Kb used=3140Kb max_used=3146Kb free=242619Kb
 bounds [0x0000000003210000, 0x0000000003530000, 0x0000000012210000]
 total_blobs=1309 nmethods=841 adapters=380
 compilation: enabled

Compilation events (10 events):
Event: 3.331 Thread 0x0000000019e0e800  838       3       java.awt.Component::getFont_NoClientCode (29 bytes)
Event: 3.332 Thread 0x0000000019e0e800 nmethod 838 0x000000000351bc90 code [0x000000000351be20, 0x000000000351c248]
Event: 3.332 Thread 0x0000000019e0e800  839       3       java.awt.Container::getComponentCount (5 bytes)
Event: 3.332 Thread 0x0000000019e0e800 nmethod 839 0x000000000351b750 code [0x000000000351b8c0, 0x000000000351bba8]
Event: 3.338 Thread 0x0000000019e0e800  840       1       javax.swing.plaf.synth.SynthStyle::getGraphicsUtils (4 bytes)
Event: 3.338 Thread 0x0000000019e0e800 nmethod 840 0x0000000003518150 code [0x00000000035182a0, 0x00000000035183b0]
Event: 3.339 Thread 0x0000000019e0e800  841       3       javax.swing.plaf.synth.SynthContext::getPainter (19 bytes)
Event: 3.339 Thread 0x0000000019e0e800 nmethod 841 0x000000000351b250 code [0x000000000351b3c0, 0x000000000351b668]
Event: 3.339 Thread 0x0000000019e0e800  842       3       javax.swing.plaf.nimbus.NimbusStyle::getPainter (5 bytes)
Event: 3.339 Thread 0x0000000019e0e800 nmethod 842 0x000000000351af50 code [0x000000000351b0a0, 0x000000000351b1f0]

GC Heap History (0 events):
No events

Deoptimization events (1 events):
Event: 0.133 Thread 0x000000000310e800 Uncommon trap: reason=null_check action=make_not_entrant pc=0x000000000337b020 method=java.lang.String.equals(Ljava/lang/Object;)Z @ 8

Classes redefined (0 events):
No events

Internal exceptions (10 events):
Event: 0.163 Thread 0x000000000310e800 Exception <a 'java/lang/ClassNotFoundException': ToolBar> (0x00000000d6ff3588) thrown at [C:\jenkins\workspace\8-2-build-windows-amd64-cygwin\jdk8u251\737\hotspot\src\share\vm\classfile\systemDictionary.cpp, line 210]
Event: 0.163 Thread 0x000000000310e800 Exception <a 'java/lang/ClassNotFoundException': ToggleButton> (0x00000000d6ff3b38) thrown at [C:\jenkins\workspace\8-2-build-windows-amd64-cygwin\jdk8u251\737\hotspot\src\share\vm\classfile\systemDictionary.cpp, line 210]
Event: 0.163 Thread 0x000000000310e800 Exception <a 'java/lang/ClassNotFoundException': javax/swing/JToolBarSeparator> (0x00000000d6ff3f98) thrown at [C:\jenkins\workspace\8-2-build-windows-amd64-cygwin\jdk8u251\737\hotspot\src\share\vm\classfile\systemDictionary.cpp, line 210]
Event: 0.163 Thread 0x000000000310e800 Exception <a 'java/lang/ClassNotFoundException': ToolBarSeparator> (0x00000000d6ff4430) thrown at [C:\jenkins\workspace\8-2-build-windows-amd64-cygwin\jdk8u251\737\hotspot\src\share\vm\classfile\systemDictionary.cpp, line 210]
Event: 0.164 Thread 0x000000000310e800 Exception <a 'java/lang/ClassNotFoundException': ToolTip> (0x00000000d6ff4b70) thrown at [C:\jenkins\workspace\8-2-build-windows-amd64-cygwin\jdk8u251\737\hotspot\src\share\vm\classfile\systemDictionary.cpp, line 210]
Event: 0.164 Thread 0x000000000310e800 Exception <a 'java/lang/ClassNotFoundException': Tree> (0x00000000d6ff5790) thrown at [C:\jenkins\workspace\8-2-build-windows-amd64-cygwin\jdk8u251\737\hotspot\src\share\vm\classfile\systemDictionary.cpp, line 210]
Event: 0.164 Thread 0x000000000310e800 Exception <a 'java/lang/ClassNotFoundException': Tree> (0x00000000d6ff5ed0) thrown at [C:\jenkins\workspace\8-2-build-windows-amd64-cygwin\jdk8u251\737\hotspot\src\share\vm\classfile\systemDictionary.cpp, line 210]
Event: 0.164 Thread 0x000000000310e800 Exception <a 'java/lang/ClassNotFoundException': javax/swing/JTreeCell> (0x00000000d6ff6250) thrown at [C:\jenkins\workspace\8-2-build-windows-amd64-cygwin\jdk8u251\737\hotspot\src\share\vm\classfile\systemDictionary.cpp, line 210]
Event: 0.164 Thread 0x000000000310e800 Exception <a 'java/lang/ClassNotFoundException': TreeCell> (0x00000000d6ff66d8) thrown at [C:\jenkins\workspace\8-2-build-windows-amd64-cygwin\jdk8u251\737\hotspot\src\share\vm\classfile\systemDictionary.cpp, line 210]
Event: 0.164 Thread 0x000000000310e800 Exception <a 'java/lang/ClassNotFoundException': RootPane> (0x00000000d6ff7138) thrown at [C:\jenkins\workspace\8-2-build-windows-amd64-cygwin\jdk8u251\737\hotspot\src\share\vm\classfile\systemDictionary.cpp, line 210]

Events (10 events):
Event: 0.842 loading class java/awt/event/ContainerEvent
Event: 0.842 loading class java/awt/event/ContainerEvent done
Event: 0.842 loading class java/applet/Applet
Event: 0.842 loading class java/awt/Panel
Event: 0.842 loading class java/awt/Panel done
Event: 0.842 loading class java/applet/Applet done
Event: 0.842 loading class javax/swing/CellRendererPane
Event: 0.842 loading class javax/swing/CellRendererPane done
Event: 0.842 loading class javax/swing/RepaintManager$3
Event: 0.843 loading class javax/swing/RepaintManager$3 done


Dynamic libraries:
0x00007ff734080000 - 0x00007ff7340b7000 	C:\Program Files\Java\jdk1.8.0_251\bin\java.exe
0x00007ff902030000 - 0x00007ff902247000 	C:\WINDOWS\SYSTEM32\ntdll.dll
0x00007ff900d20000 - 0x00007ff900de4000 	C:\WINDOWS\System32\KERNEL32.DLL
0x00007ff8ff8e0000 - 0x00007ff8ffc86000 	C:\WINDOWS\System32\KERNELBASE.dll
0x00007ff900a60000 - 0x00007ff900b13000 	C:\WINDOWS\System32\ADVAPI32.dll
0x00007ff900b20000 - 0x00007ff900bc7000 	C:\WINDOWS\System32\msvcrt.dll
0x00007ff8ffe00000 - 0x00007ff8ffea8000 	C:\WINDOWS\System32\sechost.dll
0x00007ff8ff460000 - 0x00007ff8ff488000 	C:\WINDOWS\System32\bcrypt.dll
0x00007ff8ffed0000 - 0x00007ff8fffe7000 	C:\WINDOWS\System32\RPCRT4.dll
0x00007ff9015e0000 - 0x00007ff90178e000 	C:\WINDOWS\System32\USER32.dll
0x00007ff8ffc90000 - 0x00007ff8ffcb6000 	C:\WINDOWS\System32\win32u.dll
0x00007ff900e70000 - 0x00007ff900e99000 	C:\WINDOWS\System32\GDI32.dll
0x00007ff8ff7c0000 - 0x00007ff8ff8d8000 	C:\WINDOWS\System32\gdi32full.dll
0x00007ff8ff490000 - 0x00007ff8ff52a000 	C:\WINDOWS\System32\msvcp_win.dll
0x00007ff8ff6a0000 - 0x00007ff8ff7b1000 	C:\WINDOWS\System32\ucrtbase.dll
0x00007ff8e0a80000 - 0x00007ff8e0d13000 	C:\WINDOWS\WinSxS\amd64_microsoft.windows.common-controls_6595b64144ccf1df_6.0.22621.2506_none_270c5ae97388e100\COMCTL32.dll
0x00007ff900be0000 - 0x00007ff900c11000 	C:\WINDOWS\System32\IMM32.DLL
0x00000000560b0000 - 0x0000000056182000 	C:\Program Files\Java\jdk1.8.0_251\jre\bin\msvcr100.dll
0x0000000056190000 - 0x0000000056a3b000 	C:\Program Files\Java\jdk1.8.0_251\jre\bin\server\jvm.dll
0x00007ff901140000 - 0x00007ff901148000 	C:\WINDOWS\System32\PSAPI.DLL
0x00007ff8f7700000 - 0x00007ff8f7734000 	C:\WINDOWS\SYSTEM32\WINMM.dll
0x00007ff8e2c20000 - 0x00007ff8e2c29000 	C:\WINDOWS\SYSTEM32\WSOCK32.dll
0x00007ff8f7b30000 - 0x00007ff8f7b3a000 	C:\WINDOWS\SYSTEM32\VERSION.dll
0x00007ff9000b0000 - 0x00007ff900121000 	C:\WINDOWS\System32\WS2_32.dll
0x00007ff8f87d0000 - 0x00007ff8f87df000 	C:\Program Files\Java\jdk1.8.0_251\jre\bin\verify.dll
0x00007ff8edbe0000 - 0x00007ff8edc09000 	C:\Program Files\Java\jdk1.8.0_251\jre\bin\java.dll
0x00007ff8ec9a0000 - 0x00007ff8ec9b6000 	C:\Program Files\Java\jdk1.8.0_251\jre\bin\zip.dll
0x00007ff901790000 - 0x00007ff901feb000 	C:\WINDOWS\System32\SHELL32.dll
0x00007ff8fd280000 - 0x00007ff8fdb76000 	C:\WINDOWS\SYSTEM32\windows.storage.dll
0x00007ff901150000 - 0x00007ff9014d9000 	C:\WINDOWS\System32\combase.dll
0x00007ff8fd140000 - 0x00007ff8fd27e000 	C:\WINDOWS\SYSTEM32\wintypes.dll
0x00007ff9014e0000 - 0x00007ff9015d3000 	C:\WINDOWS\System32\SHCORE.dll
0x00007ff900df0000 - 0x00007ff900e4e000 	C:\WINDOWS\System32\shlwapi.dll
0x00007ff8ff2a0000 - 0x00007ff8ff2c6000 	C:\WINDOWS\SYSTEM32\profapi.dll
0x00007ff8be0b0000 - 0x00007ff8be24a000 	C:\Program Files\Java\jdk1.8.0_251\jre\bin\awt.dll
0x00007ff901060000 - 0x00007ff901137000 	C:\WINDOWS\System32\OLEAUT32.dll
0x00007ff8fc2c0000 - 0x00007ff8fc357000 	C:\WINDOWS\SYSTEM32\apphelp.dll
0x00007ff8fc480000 - 0x00007ff8fc52b000 	C:\WINDOWS\system32\uxtheme.dll
0x00007ff900130000 - 0x00007ff900281000 	C:\WINDOWS\System32\MSCTF.dll
0x00007ff9008c0000 - 0x00007ff900a60000 	C:\WINDOWS\System32\ole32.dll
0x00007ff8fe460000 - 0x00007ff8fe478000 	C:\WINDOWS\SYSTEM32\kernel.appcore.dll
0x00007ff8ff3e0000 - 0x00007ff8ff45a000 	C:\WINDOWS\System32\bcryptPrimitives.dll
0x00007ff8fc6e0000 - 0x00007ff8fc70b000 	C:\WINDOWS\system32\DWMAPI.DLL
0x00007ff8e68e0000 - 0x00007ff8e6929000 	C:\Program Files\Java\jdk1.8.0_251\jre\bin\fontmanager.dll
0x00007ff8e5d90000 - 0x00007ff8e5e90000 	C:\WINDOWS\system32\opengl32.dll
0x00007ff8ecb10000 - 0x00007ff8ecb3d000 	C:\WINDOWS\SYSTEM32\GLU32.dll
0x00007ff8fc590000 - 0x00007ff8fc5c9000 	C:\WINDOWS\SYSTEM32\dxcore.dll
0x00007ff8f8930000 - 0x00007ff8f894a000 	C:\Program Files\Java\jdk1.8.0_251\jre\bin\net.dll
0x00007ff8fe8d0000 - 0x00007ff8fe939000 	C:\WINDOWS\system32\mswsock.dll
0x00007ff8ee890000 - 0x00007ff8ee8a2000 	C:\Program Files\Java\jdk1.8.0_251\jre\bin\nio.dll
0x00007ff8e6890000 - 0x00007ff8e68d2000 	C:\Program Files\Java\jdk1.8.0_251\jre\bin\t2k.dll
0x00007ff8e35b0000 - 0x00007ff8e36fa000 	C:\WINDOWS\SYSTEM32\textinputframework.dll
0x00007ff8fc030000 - 0x00007ff8fc164000 	C:\WINDOWS\SYSTEM32\CoreMessaging.dll
0x00007ff8f7d10000 - 0x00007ff8f807c000 	C:\WINDOWS\SYSTEM32\CoreUIComponents.dll
0x00007ff8fead0000 - 0x00007ff8feadc000 	C:\WINDOWS\SYSTEM32\CRYPTBASE.DLL

VM Arguments:
jvm_args: -Dfile.encoding=UTF-8 
java_command: Quanly.UIQuanLy
java_class_path (initial): C:\java\Phantichthietkehethong_nhom4\build\classes
Launcher Type: SUN_STANDARD

Environment Variables:
PATH=C:\Program Files (x86)\VMware\VMware Workstation\bin\;C:\Windows\system32;C:\Windows;C:\Windows\System32\Wbem;C:\Windows\System32\WindowsPowerShell\v1.0\;C:\Windows\System32\OpenSSH\;C:\Program Files\NVIDIA Corporation\NVIDIA NvDLISR;C:\WINDOWS\system32;C:\WINDOWS;C:\WINDOWS\System32\Wbem;C:\WINDOWS\System32\WindowsPowerShell\v1.0\;C:\WINDOWS\System32\OpenSSH\;C:\Program Files\dotnet\;C:\Program Files (x86)\Microsoft SQL Server\160\Tools\Binn\;C:\Program Files\Microsoft SQL Server\160\Tools\Binn\;C:\Program Files\Microsoft SQL Server\Client SDK\ODBC\170\Tools\Binn\;C:\Program Files\Microsoft SQL Server\160\DTS\Binn\;C:\Program Files (x86)\Microsoft SQL Server\160\DTS\Binn\;C:\Program Files\Azure Data Studio\bin;C:\Program Files\Git\cmd;C:\Users\Admin\AppData\Local\Microsoft\WindowsApps;;C:\Program Files\Azure Data Studio\bin
USERNAME=Admin
OS=Windows_NT
PROCESSOR_IDENTIFIER=Intel64 Family 6 Model 140 Stepping 1, GenuineIntel



---------------  S Y S T E M  ---------------

OS: Windows 10.0 , 64 bit Build 22621 (10.0.22621.3085)

CPU:total 8 (initial active 8) (4 cores per cpu, 2 threads per core) family 6 model 140 stepping 1, cmov, cx8, fxsr, mmx, sse, sse2, sse3, ssse3, sse4.1, sse4.2, popcnt, avx, avx2, aes, clmul, erms, 3dnowpref, lzcnt, ht, tsc, tscinvbit, bmi1, bmi2, adx

Memory: 4k page, physical 8104744k(632680k free), swap 18413296k(4428k free)

vm_info: Java HotSpot(TM) 64-Bit Server VM (25.251-b08) for windows-amd64 JRE (1.8.0_251-b08), built on Mar 12 2020 06:31:49 by "" with MS VC++ 10.0 (VS2010)

time: Thu Feb 22 17:44:52 2024
timezone: SE Asia Standard Time
elapsed time: 3 seconds (0d 0h 0m 3s)

