#
# There is insufficient memory for the Java Runtime Environment to continue.
# Native memory allocation (malloc) failed to allocate 1048576 bytes for AllocateHeap
# Possible reasons:
#   The system is out of physical RAM or swap space
#   The process is running with CompressedOops enabled, and the Java Heap may be blocking the growth of the native heap
# Possible solutions:
#   Reduce memory load on the system
#   Increase physical memory or swap space
#   Check if swap backing store is full
#   Decrease Java heap size (-Xmx/-Xms)
#   Decrease number of Java threads
#   Decrease Java thread stack sizes (-Xss)
#   Set larger code cache with -XX:ReservedCodeCacheSize=
#   JVM is running with Unscaled Compressed Oops mode in which the Java heap is
#     placed in the first 4GB address space. The Java Heap base address is the
#     maximum limit for the native heap growth. Please use -XX:HeapBaseMinAddress
#     to set the Java Heap base and to place the Java Heap above 4GB virtual address.
# This output file may be truncated or incomplete.
#
#  Out of Memory Error (memory/allocation.inline.hpp:61), pid=13284, tid=0x0000000000004640
#
# JRE version:  (8.0_251-b08) (build )
# Java VM: Java HotSpot(TM) 64-Bit Server VM (25.251-b08 mixed mode windows-amd64 compressed oops)
# Failed to write core dump. Minidumps are not enabled by default on client versions of Windows
#

---------------  T H R E A D  ---------------

Current thread (0x00000000029ee800):  JavaThread "Unknown thread" [_thread_in_vm, id=17984, stack(0x00000000029f0000,0x0000000002af0000)]

Stack: [0x00000000029f0000,0x0000000002af0000]
[error occurred during error reporting (printing stack bounds), id 0xc0000005]

Native frames: (J=compiled Java code, j=interpreted, Vv=VM code, C=native code)


---------------  P R O C E S S  ---------------

Java Threads: ( => current thread )

Other Threads:

=>0x00000000029ee800 (exited) JavaThread "Unknown thread" [_thread_in_vm, id=17984, stack(0x00000000029f0000,0x0000000002af0000)]

VM state:not at safepoint (normal execution)

VM Mutex/Monitor currently owned by a thread: None

heap address: 0x0000000084400000, size: 1980 MB, Compressed Oops mode: 32-bit
Narrow klass base: 0x0000000000000000, Narrow klass shift: 3
Compressed class space size: 1073741824 Address: 0x0000000100000000

Heap:
 PSYoungGen      total 36864K, used 634K [0x00000000d6c00000, 0x00000000d9500000, 0x0000000100000000)
  eden space 31744K, 2% used [0x00000000d6c00000,0x00000000d6c9eb90,0x00000000d8b00000)
  from space 5120K, 0% used [0x00000000d9000000,0x00000000d9000000,0x00000000d9500000)
  to   space 5120K, 0% used [0x00000000d8b00000,0x00000000d8b00000,0x00000000d9000000)
 ParOldGen       total 84992K, used 0K [0x0000000084400000, 0x0000000089700000, 0x00000000d6c00000)
  object space 84992K, 0% used [0x0000000084400000,0x0000000084400000,0x0000000089700000)
 Metaspace       used 776K, capacity 4480K, committed 4480K, reserved 1056768K
  class space    used 76K, capacity 384K, committed 384K, reserved 1048576K

Card table byte_map: [0x0000000011fb0000,0x0000000012390000] byte_map_base: 0x0000000011b8e000

Marking Bits: (ParMarkBitMap*) 0x00000000569baf90
 Begin Bits: [0x0000000012e30000, 0x0000000014d20000)
 End Bits:   [0x0000000014d20000, 0x0000000016c10000)

Polling page: 0x0000000001070000

CodeCache: size=245760Kb used=328Kb max_used=328Kb free=245431Kb
 bounds [0x0000000002bf0000, 0x0000000002e60000, 0x0000000011bf0000]
 total_blobs=58 nmethods=0 adapters=38
 compilation: enabled

Compilation events (0 events):
No events

GC Heap History (0 events):
No events

Deoptimization events (0 events):
No events

Classes redefined (0 events):
No events

Internal exceptions (0 events):
No events

Events (10 events):
Event: 0.018 loading class java/lang/Short
Event: 0.018 loading class java/lang/Short done
Event: 0.018 loading class java/lang/Integer
Event: 0.018 loading class java/lang/Integer done
Event: 0.018 loading class java/lang/Long
Event: 0.019 loading class java/lang/Long done
Event: 0.020 loading class java/lang/NullPointerException
Event: 0.020 loading class java/lang/NullPointerException done
Event: 0.020 loading class java/lang/ArithmeticException
Event: 0.020 loading class java/lang/ArithmeticException done


Dynamic libraries:
0x00007ff734080000 - 0x00007ff7340b7000 	C:\Program Files\Java\jdk1.8.0_251\bin\java.exe
0x00007ff902030000 - 0x00007ff902247000 	C:\WINDOWS\SYSTEM32\ntdll.dll
0x00007ff900d20000 - 0x00007ff900de4000 	C:\WINDOWS\System32\KERNEL32.DLL
0x00007ff8ff8e0000 - 0x00007ff8ffc86000 	C:\WINDOWS\System32\KERNELBASE.dll
0x00007ff900a60000 - 0x00007ff900b13000 	C:\WINDOWS\System32\ADVAPI32.dll
0x00007ff900b20000 - 0x00007ff900bc7000 	C:\WINDOWS\System32\msvcrt.dll
0x00007ff8ffe00000 - 0x00007ff8ffea8000 	C:\WINDOWS\System32\sechost.dll
0x00007ff8ff460000 - 0x00007ff8ff488000 	C:\WINDOWS\System32\bcrypt.dll
0x00007ff8ffed0000 - 0x00007ff8fffe7000 	C:\WINDOWS\System32\RPCRT4.dll
0x00007ff9015e0000 - 0x00007ff90178e000 	C:\WINDOWS\System32\USER32.dll
0x00007ff8ffc90000 - 0x00007ff8ffcb6000 	C:\WINDOWS\System32\win32u.dll
0x00007ff900e70000 - 0x00007ff900e99000 	C:\WINDOWS\System32\GDI32.dll
0x00007ff8ff7c0000 - 0x00007ff8ff8d8000 	C:\WINDOWS\System32\gdi32full.dll
0x00007ff8ff490000 - 0x00007ff8ff52a000 	C:\WINDOWS\System32\msvcp_win.dll
0x00007ff8ff6a0000 - 0x00007ff8ff7b1000 	C:\WINDOWS\System32\ucrtbase.dll
0x00007ff8e0a80000 - 0x00007ff8e0d13000 	C:\WINDOWS\WinSxS\amd64_microsoft.windows.common-controls_6595b64144ccf1df_6.0.22621.2506_none_270c5ae97388e100\COMCTL32.dll
0x00007ff900be0000 - 0x00007ff900c11000 	C:\WINDOWS\System32\IMM32.DLL
0x00000000560b0000 - 0x0000000056182000 	C:\Program Files\Java\jdk1.8.0_251\jre\bin\msvcr100.dll
0x0000000056190000 - 0x0000000056a3b000 	C:\Program Files\Java\jdk1.8.0_251\jre\bin\server\jvm.dll
0x00007ff901140000 - 0x00007ff901148000 	C:\WINDOWS\System32\PSAPI.DLL
0x00007ff8e2c20000 - 0x00007ff8e2c29000 	C:\WINDOWS\SYSTEM32\WSOCK32.dll
0x00007ff8f7700000 - 0x00007ff8f7734000 	C:\WINDOWS\SYSTEM32\WINMM.dll
0x00007ff9000b0000 - 0x00007ff900121000 	C:\WINDOWS\System32\WS2_32.dll
0x00007ff8f7b30000 - 0x00007ff8f7b3a000 	C:\WINDOWS\SYSTEM32\VERSION.dll
0x00007ff8f87d0000 - 0x00007ff8f87df000 	C:\Program Files\Java\jdk1.8.0_251\jre\bin\verify.dll
0x00007ff8edbe0000 - 0x00007ff8edc09000 	C:\Program Files\Java\jdk1.8.0_251\jre\bin\java.dll
0x00007ff8ec9a0000 - 0x00007ff8ec9b6000 	C:\Program Files\Java\jdk1.8.0_251\jre\bin\zip.dll

VM Arguments:
jvm_args: -Dfile.encoding=UTF-8 
java_command: Quanly.UIQuanLy
java_class_path (initial): C:\java\Phantichthietkehethong_nhom4\build\classes
Launcher Type: SUN_STANDARD

Environment Variables:
PATH=C:\Program Files (x86)\VMware\VMware Workstation\bin\;C:\Windows\system32;C:\Windows;C:\Windows\System32\Wbem;C:\Windows\System32\WindowsPowerShell\v1.0\;C:\Windows\System32\OpenSSH\;C:\Program Files\NVIDIA Corporation\NVIDIA NvDLISR;C:\WINDOWS\system32;C:\WINDOWS;C:\WINDOWS\System32\Wbem;C:\WINDOWS\System32\WindowsPowerShell\v1.0\;C:\WINDOWS\System32\OpenSSH\;C:\Program Files\dotnet\;C:\Program Files (x86)\Microsoft SQL Server\160\Tools\Binn\;C:\Program Files\Microsoft SQL Server\160\Tools\Binn\;C:\Program Files\Microsoft SQL Server\Client SDK\ODBC\170\Tools\Binn\;C:\Program Files\Microsoft SQL Server\160\DTS\Binn\;C:\Program Files (x86)\Microsoft SQL Server\160\DTS\Binn\;C:\Program Files\Azure Data Studio\bin;C:\Program Files\Git\cmd;C:\Users\Admin\AppData\Local\Microsoft\WindowsApps;;C:\Program Files\Azure Data Studio\bin
USERNAME=Admin
OS=Windows_NT
PROCESSOR_IDENTIFIER=Intel64 Family 6 Model 140 Stepping 1, GenuineIntel



---------------  S Y S T E M  ---------------

OS: Windows 10.0 , 64 bit Build 22621 (10.0.22621.3085)

CPU:total 8 (initial active 8) (4 cores per cpu, 2 threads per core) family 6 model 140 stepping 1, cmov, cx8, fxsr, mmx, sse, sse2, sse3, ssse3, sse4.1, sse4.2, popcnt, avx, avx2, aes, clmul, erms, 3dnowpref, lzcnt, ht, tsc, tscinvbit, bmi1, bmi2, adx

Memory: 4k page, physical 8104744k(627900k free), swap 18413296k(5372k free)

vm_info: Java HotSpot(TM) 64-Bit Server VM (25.251-b08) for windows-amd64 JRE (1.8.0_251-b08), built on Mar 12 2020 06:31:49 by "" with MS VC++ 10.0 (VS2010)

time: Thu Feb 22 17:39:26 2024
timezone: SE Asia Standard Time
elapsed time: 0 seconds (0d 0h 0m 0s)

